<?xml version="1.0" encoding="UTF-8"?>
<!-- Generated by org.testng.reporters.JUnitReportReporter -->
<testsuite hostname="Rayhans-MacBook-Air.local" failures="0" tests="1" name="com.formy.tests.PageScroll_Sanity_Test" time="7.888" errors="0" timestamp="2023-07-09T12:23:41 BDT" skipped="0">
  <testcase classname="com.formy.tests.PageScroll_Sanity_Test" name="verifyingScrollingPage" time="7.888"/>
  <system-out/>
</testsuite> <!-- com.formy.tests.PageScroll_Sanity_Test -->
