<?xml version="1.0" encoding="UTF-8"?>
<!-- Generated by org.testng.reporters.JUnitReportReporter -->
<testsuite hostname="Rayhans-MacBook-Air.local" failures="0" tests="1" name="com.formy.tests.Autocomplete_Regression" time="45.703" errors="0" timestamp="2023-07-05T13:25:03 BDT" skipped="0">
  <testcase classname="com.formy.tests.Autocomplete_Regression" name="VerifyAutoCompleteForm" time="45.703"/>
  <system-out/>
</testsuite> <!-- com.formy.tests.Autocomplete_Regression -->
