<?xml version="1.0" encoding="UTF-8"?>
<!-- Generated by org.testng.reporters.JUnitReportReporter -->
<testsuite hostname="Rayhans-MacBook-Air.local" failures="0" tests="1" name="com.formy.tests.DatePicker_Test" time="6.979" errors="0" timestamp="2023-07-07T15:13:00 BDT" skipped="0">
  <testcase classname="com.formy.tests.DatePicker_Test" name="VerifyCalender" time="6.979"/>
  <system-out/>
</testsuite> <!-- com.formy.tests.DatePicker_Test -->
