<?xml version="1.0" encoding="UTF-8"?>
<!-- Generated by org.testng.reporters.JUnitReportReporter -->
<testsuite hostname="Rayhans-MacBook-Air.local" failures="0" tests="1" name="com.formy.tests.DropDoown_Test" time="7.808" errors="0" timestamp="2023-07-07T22:46:35 BDT" skipped="0">
  <testcase classname="com.formy.tests.DropDoown_Test" name="VerifyingDropDownMenue" time="7.808"/>
  <system-out/>
</testsuite> <!-- com.formy.tests.DropDoown_Test -->
