<?xml version="1.0" encoding="UTF-8"?>
<!-- Generated by org.testng.reporters.JUnitReportReporter -->
<testsuite hostname="Rayhans-MacBook-Air.local" failures="0" tests="1" name="com.formy.tests.CompleteWebForm_Smoke_Test" time="10.488" errors="0" timestamp="2023-07-09T12:23:41 BDT" skipped="0">
  <testcase classname="com.formy.tests.CompleteWebForm_Smoke_Test" name="verifyingWebForm" time="10.488"/>
  <system-out/>
</testsuite> <!-- com.formy.tests.CompleteWebForm_Smoke_Test -->
