<?xml version="1.0" encoding="UTF-8"?>
<!-- Generated by org.testng.reporters.JUnitReportReporter -->
<testsuite hostname="Rayhans-Air" failures="0" tests="1" name="com.formy.tests.DatePicker_Smoke" time="8.662" errors="0" timestamp="2023-09-10T01:31:29 EDT" skipped="0">
  <testcase classname="com.formy.tests.DatePicker_Smoke" name="VerifyCalender" time="8.662"/>
  <system-out/>
</testsuite> <!-- com.formy.tests.DatePicker_Smoke -->
