<?xml version="1.0" encoding="UTF-8"?>
<!-- Generated by org.testng.reporters.JUnitReportReporter -->
<testsuite hostname="Rayhans-MacBook-Air.local" failures="0" tests="1" name="com.formy.tests.EnbledAndDisbled_Sanity_Test" time="17.345" errors="0" timestamp="2023-07-07T23:53:49 BDT" skipped="0">
  <testcase classname="com.formy.tests.EnbledAndDisbled_Sanity_Test" name="checkingEnbledDisbledButton" time="17.345"/>
  <system-out/>
</testsuite> <!-- com.formy.tests.EnbledAndDisbled_Sanity_Test -->
