<?xml version="1.0" encoding="UTF-8"?>
<!-- Generated by org.testng.reporters.JUnitReportReporter -->
<testsuite hostname="Rayhans-MacBook-Air.local" failures="0" tests="2" name="com.formy.tests.SwithWindow_Integration_Test" time="48.135" errors="0" timestamp="2023-07-09T12:36:55 BDT" skipped="0">
  <testcase classname="com.formy.tests.SwithWindow_Integration_Test" name="VerifyingMultipleTab" time="13.588"/>
  <system-out/>
  <testcase classname="com.formy.tests.SwithWindow_Integration_Test" name="VerifyingAlert" time="34.547"/>
  <system-out/>
</testsuite> <!-- com.formy.tests.SwithWindow_Integration_Test -->
