<?xml version="1.0" encoding="UTF-8"?>
<!-- Generated by org.testng.reporters.JUnitReportReporter -->
<testsuite hostname="Rayhans-MacBook-Air.local" failures="0" tests="1" name="com.formy.tests.CheckBox_Regression_Test" time="6.806" errors="0" timestamp="2023-07-05T19:41:17 BDT" skipped="0">
  <testcase classname="com.formy.tests.CheckBox_Regression_Test" name="VerifyCheckBox" time="6.806"/>
  <system-out/>
</testsuite> <!-- com.formy.tests.CheckBox_Regression_Test -->
